The system is: Darwin - 22.3.0 - arm64
Compiling the C compiler identification source file "CMakeCCompilerId.c" succeeded.
Compiler: /opt/homebrew/opt/llvm/bin/clang 
Build flags: 
Id flags:  

The output was:
0


Compilation of the C compiler identification source "CMakeCCompilerId.c" produced "a.out"

The C compiler identification is Clang, found in "/Users/issashu/Library/Mobile Documents/com~apple~CloudDocs/Coding/Lessons/Chaos Group/Homework2/cmake-build-debug/CMakeFiles/3.24.2/CompilerIdC/a.out"

Compiling the CXX compiler identification source file "CMakeCXXCompilerId.cpp" succeeded.
Compiler: /opt/homebrew/opt/llvm/bin/clang++ 
Build flags: 
Id flags:  

The output was:
0


Compilation of the CXX compiler identification source "CMakeCXXCompilerId.cpp" produced "a.out"

The CXX compiler identification is Clang, found in "/Users/issashu/Library/Mobile Documents/com~apple~CloudDocs/Coding/Lessons/Chaos Group/Homework2/cmake-build-debug/CMakeFiles/3.24.2/CompilerIdCXX/a.out"

Detecting C compiler ABI info compiled with the following output:
Change Dir: /Users/issashu/Library/Mobile Documents/com~apple~CloudDocs/Coding/Lessons/Chaos Group/Homework2/cmake-build-debug/CMakeFiles/CMakeTmp

Run Build Command(s):/usr/bin/make -f Makefile cmTC_12010/fast && /Library/Developer/CommandLineTools/usr/bin/make  -f CMakeFiles/cmTC_12010.dir/build.make CMakeFiles/cmTC_12010.dir/build
Building C object CMakeFiles/cmTC_12010.dir/CMakeCCompilerABI.c.o
/opt/homebrew/opt/llvm/bin/clang   -arch arm64 -isysroot /Library/Developer/CommandLineTools/SDKs/MacOSX13.1.sdk -fcolor-diagnostics   -v -Wl,-v -MD -MT CMakeFiles/cmTC_12010.dir/CMakeCCompilerABI.c.o -MF CMakeFiles/cmTC_12010.dir/CMakeCCompilerABI.c.o.d -o CMakeFiles/cmTC_12010.dir/CMakeCCompilerABI.c.o -c "/Users/issashu/Library/Application Support/JetBrains/Toolbox/apps/CLion/ch-0/223.8836.42/CLion.app/Contents/bin/cmake/mac/share/cmake-3.24/Modules/CMakeCCompilerABI.c"
Homebrew clang version 15.0.7
Target: arm64-apple-darwin22.3.0
Thread model: posix
InstalledDir: /opt/homebrew/opt/llvm/bin
clang-15: [0;1;35mwarning: [0m[1m-Wl,-v: 'linker' input unused [-Wunused-command-line-argument][0m
 (in-process)
 "/opt/homebrew/Cellar/llvm/15.0.7_1/bin/clang-15" -cc1 -triple arm64-apple-macosx13.0.0 -Wundef-prefix=TARGET_OS_ -Werror=undef-prefix -Wdeprecated-objc-isa-usage -Werror=deprecated-objc-isa-usage -emit-obj -mrelax-all --mrelax-relocations -disable-free -clear-ast-before-backend -disable-llvm-verifier -discard-value-names -main-file-name CMakeCCompilerABI.c -mrelocation-model pic -pic-level 2 -mframe-pointer=non-leaf -ffp-contract=on -fno-rounding-math -funwind-tables=2 -target-sdk-version=13.1 -fcompatibility-qualified-id-block-type-checking -fvisibility-inlines-hidden-static-local-var -target-cpu apple-m1 -target-feature +v8.5a -target-feature +crc -target-feature +lse -target-feature +rdm -target-feature +crypto -target-feature +dotprod -target-feature +fp-armv8 -target-feature +neon -target-feature +fp16fml -target-feature +ras -target-feature +rcpc -target-feature +zcm -target-feature +zcz -target-feature +fullfp16 -target-feature +sm4 -target-feature +sha3 -target-feature +sha2 -target-feature +aes -target-abi darwinpcs -fallow-half-arguments-and-returns -mllvm -treat-scalable-fixed-error-as-warning -debugger-tuning=lldb -target-linker-version 820.1 -v "-fcoverage-compilation-dir=/Users/issashu/Library/Mobile Documents/com~apple~CloudDocs/Coding/Lessons/Chaos Group/Homework2/cmake-build-debug/CMakeFiles/CMakeTmp" -resource-dir /opt/homebrew/Cellar/llvm/15.0.7_1/lib/clang/15.0.7 -dependency-file CMakeFiles/cmTC_12010.dir/CMakeCCompilerABI.c.o.d -MT CMakeFiles/cmTC_12010.dir/CMakeCCompilerABI.c.o -sys-header-deps -isysroot /Library/Developer/CommandLineTools/SDKs/MacOSX13.1.sdk -internal-isystem /Library/Developer/CommandLineTools/SDKs/MacOSX13.1.sdk/usr/local/include -internal-isystem /opt/homebrew/Cellar/llvm/15.0.7_1/lib/clang/15.0.7/include -internal-externc-isystem /Library/Developer/CommandLineTools/SDKs/MacOSX13.1.sdk/usr/include "-fdebug-compilation-dir=/Users/issashu/Library/Mobile Documents/com~apple~CloudDocs/Coding/Lessons/Chaos Group/Homework2/cmake-build-debug/CMakeFiles/CMakeTmp" -ferror-limit 19 -stack-protector 1 -fblocks -fencode-extended-block-signature -fregister-global-dtors-with-atexit -fgnuc-version=4.2.1 -fmax-type-align=16 -fcolor-diagnostics -D__GCC_HAVE_DWARF2_CFI_ASM=1 -o CMakeFiles/cmTC_12010.dir/CMakeCCompilerABI.c.o -x c "/Users/issashu/Library/Application Support/JetBrains/Toolbox/apps/CLion/ch-0/223.8836.42/CLion.app/Contents/bin/cmake/mac/share/cmake-3.24/Modules/CMakeCCompilerABI.c"
clang -cc1 version 15.0.7 based upon LLVM 15.0.7 default target arm64-apple-darwin22.3.0
ignoring nonexistent directory "/Library/Developer/CommandLineTools/SDKs/MacOSX13.1.sdk/usr/local/include"
ignoring nonexistent directory "/Library/Developer/CommandLineTools/SDKs/MacOSX13.1.sdk/Library/Frameworks"
#include "..." search starts here:
#include <...> search starts here:
 /opt/homebrew/Cellar/llvm/15.0.7_1/lib/clang/15.0.7/include
 /Library/Developer/CommandLineTools/SDKs/MacOSX13.1.sdk/usr/include
 /Library/Developer/CommandLineTools/SDKs/MacOSX13.1.sdk/System/Library/Frameworks (framework directory)
End of search list.
Linking C executable cmTC_12010
"/Users/issashu/Library/Application Support/JetBrains/Toolbox/apps/CLion/ch-0/223.8836.42/CLion.app/Contents/bin/cmake/mac/bin/cmake" -E cmake_link_script CMakeFiles/cmTC_12010.dir/link.txt --verbose=1
/opt/homebrew/opt/llvm/bin/clang  -arch arm64 -isysroot /Library/Developer/CommandLineTools/SDKs/MacOSX13.1.sdk -Wl,-search_paths_first -Wl,-headerpad_max_install_names  -v -Wl,-v CMakeFiles/cmTC_12010.dir/CMakeCCompilerABI.c.o -o cmTC_12010 
Homebrew clang version 15.0.7
Target: arm64-apple-darwin22.3.0
Thread model: posix
InstalledDir: /opt/homebrew/opt/llvm/bin
 "/usr/bin/ld" -demangle -lto_library /opt/homebrew/Cellar/llvm/15.0.7_1/lib/libLTO.dylib -dynamic -arch arm64 -platform_version macos 13.0.0 13.1 -syslibroot /Library/Developer/CommandLineTools/SDKs/MacOSX13.sdk -o cmTC_12010 -search_paths_first -headerpad_max_install_names -v CMakeFiles/cmTC_12010.dir/CMakeCCompilerABI.c.o -lSystem /opt/homebrew/Cellar/llvm/15.0.7_1/lib/clang/15.0.7/lib/darwin/libclang_rt.osx.a
@(#)PROGRAM:ld  PROJECT:ld64-820.1
BUILD 20:07:05 Nov  7 2022
configured to support archs: armv6 armv7 armv7s arm64 arm64e arm64_32 i386 x86_64 x86_64h armv6m armv7k armv7m armv7em
Library search paths:
	/Library/Developer/CommandLineTools/SDKs/MacOSX13.sdk/usr/lib
Framework search paths:
	/Library/Developer/CommandLineTools/SDKs/MacOSX13.sdk/System/Library/Frameworks/



Parsed C implicit include dir info from above output: rv=loading
  found start of include info
  warn: unable to parse implicit include dirs!


Parsed C implicit link information from above output:
  link line regex: [^( *|.*[/\])(ld\.lld|CMAKE_LINK_STARTFILE-NOTFOUND|([^/\]+-)?ld|collect2)[^/\]*( |$)]
  ignore line: [Change Dir: /Users/issashu/Library/Mobile Documents/com~apple~CloudDocs/Coding/Lessons/Chaos Group/Homework2/cmake-build-debug/CMakeFiles/CMakeTmp]
  ignore line: []
  ignore line: [Run Build Command(s):/usr/bin/make -f Makefile cmTC_12010/fast && /Library/Developer/CommandLineTools/usr/bin/make  -f CMakeFiles/cmTC_12010.dir/build.make CMakeFiles/cmTC_12010.dir/build]
  ignore line: [Building C object CMakeFiles/cmTC_12010.dir/CMakeCCompilerABI.c.o]
  ignore line: [/opt/homebrew/opt/llvm/bin/clang   -arch arm64 -isysroot /Library/Developer/CommandLineTools/SDKs/MacOSX13.1.sdk -fcolor-diagnostics   -v -Wl -v -MD -MT CMakeFiles/cmTC_12010.dir/CMakeCCompilerABI.c.o -MF CMakeFiles/cmTC_12010.dir/CMakeCCompilerABI.c.o.d -o CMakeFiles/cmTC_12010.dir/CMakeCCompilerABI.c.o -c "/Users/issashu/Library/Application Support/JetBrains/Toolbox/apps/CLion/ch-0/223.8836.42/CLion.app/Contents/bin/cmake/mac/share/cmake-3.24/Modules/CMakeCCompilerABI.c"]
  ignore line: [Homebrew clang version 15.0.7]
  ignore line: [Target: arm64-apple-darwin22.3.0]
  ignore line: [Thread model: posix]
  ignore line: [InstalledDir: /opt/homebrew/opt/llvm/bin]
  ignore line: [clang-15: [0;1;35mwarning: [0m[1m-Wl,-v: 'linker' input unused [-Wunused-command-line-argument][0m; (in-process); "/opt/homebrew/Cellar/llvm/15.0.7_1/bin/clang-15" -cc1 -triple arm64-apple-macosx13.0.0 -Wundef-prefix=TARGET_OS_ -Werror=undef-prefix -Wdeprecated-objc-isa-usage -Werror=deprecated-objc-isa-usage -emit-obj -mrelax-all --mrelax-relocations -disable-free -clear-ast-before-backend -disable-llvm-verifier -discard-value-names -main-file-name CMakeCCompilerABI.c -mrelocation-model pic -pic-level 2 -mframe-pointer=non-leaf -ffp-contract=on -fno-rounding-math -funwind-tables=2 -target-sdk-version=13.1 -fcompatibility-qualified-id-block-type-checking -fvisibility-inlines-hidden-static-local-var -target-cpu apple-m1 -target-feature +v8.5a -target-feature +crc -target-feature +lse -target-feature +rdm -target-feature +crypto -target-feature +dotprod -target-feature +fp-armv8 -target-feature +neon -target-feature +fp16fml -target-feature +ras -target-feature +rcpc -target-feature +zcm -target-feature +zcz -target-feature +fullfp16 -target-feature +sm4 -target-feature +sha3 -target-feature +sha2 -target-feature +aes -target-abi darwinpcs -fallow-half-arguments-and-returns -mllvm -treat-scalable-fixed-error-as-warning -debugger-tuning=lldb -target-linker-version 820.1 -v "-fcoverage-compilation-dir=/Users/issashu/Library/Mobile Documents/com~apple~CloudDocs/Coding/Lessons/Chaos Group/Homework2/cmake-build-debug/CMakeFiles/CMakeTmp" -resource-dir /opt/homebrew/Cellar/llvm/15.0.7_1/lib/clang/15.0.7 -dependency-file CMakeFiles/cmTC_12010.dir/CMakeCCompilerABI.c.o.d -MT CMakeFiles/cmTC_12010.dir/CMakeCCompilerABI.c.o -sys-header-deps -isysroot /Library/Developer/CommandLineTools/SDKs/MacOSX13.1.sdk -internal-isystem /Library/Developer/CommandLineTools/SDKs/MacOSX13.1.sdk/usr/local/include -internal-isystem /opt/homebrew/Cellar/llvm/15.0.7_1/lib/clang/15.0.7/include -internal-externc-isystem /Library/Developer/CommandLineTools/SDKs/MacOSX13.1.sdk/usr/include "-fdebug-compilation-dir=/Users/issashu/Library/Mobile Documents/com~apple~CloudDocs/Coding/Lessons/Chaos Group/Homework2/cmake-build-debug/CMakeFiles/CMakeTmp" -ferror-limit 19 -stack-protector 1 -fblocks -fencode-extended-block-signature -fregister-global-dtors-with-atexit -fgnuc-version=4.2.1 -fmax-type-align=16 -fcolor-diagnostics -D__GCC_HAVE_DWARF2_CFI_ASM=1 -o CMakeFiles/cmTC_12010.dir/CMakeCCompilerABI.c.o -x c "/Users/issashu/Library/Application Support/JetBrains/Toolbox/apps/CLion/ch-0/223.8836.42/CLion.app/Contents/bin/cmake/mac/share/cmake-3.24/Modules/CMakeCCompilerABI.c";clang -cc1 version 15.0.7 based upon LLVM 15.0.7 default target arm64-apple-darwin22.3.0;ignoring nonexistent directory "/Library/Developer/CommandLineTools/SDKs/MacOSX13.1.sdk/usr/local/include";ignoring nonexistent directory "/Library/Developer/CommandLineTools/SDKs/MacOSX13.1.sdk/Library/Frameworks";#include "..." search starts here:;#include <...> search starts here:; /opt/homebrew/Cellar/llvm/15.0.7_1/lib/clang/15.0.7/include; /Library/Developer/CommandLineTools/SDKs/MacOSX13.1.sdk/usr/include; /Library/Developer/CommandLineTools/SDKs/MacOSX13.1.sdk/System/Library/Frameworks (framework directory);End of search list.;Linking C executable cmTC_12010;"/Users/issashu/Library/Application Support/JetBrains/Toolbox/apps/CLion/ch-0/223.8836.42/CLion.app/Contents/bin/cmake/mac/bin/cmake" -E cmake_link_script CMakeFiles/cmTC_12010.dir/link.txt --verbose=1;/opt/homebrew/opt/llvm/bin/clang  -arch arm64 -isysroot /Library/Developer/CommandLineTools/SDKs/MacOSX13.1.sdk -Wl,-search_paths_first -Wl,-headerpad_max_install_names  -v -Wl,-v CMakeFiles/cmTC_12010.dir/CMakeCCompilerABI.c.o -o cmTC_12010 ;Homebrew clang version 15.0.7;Target: arm64-apple-darwin22.3.0;Thread model: posix;InstalledDir: /opt/homebrew/opt/llvm/bin; "/usr/bin/ld" -demangle -lto_library /opt/homebrew/Cellar/llvm/15.0.7_1/lib/libLTO.dylib -dynamic -arch arm64 -platform_version macos 13.0.0 13.1 -syslibroot /Library/Developer/CommandLineTools/SDKs/MacOSX13.sdk -o cmTC_12010 -search_paths_first -headerpad_max_install_names -v CMakeFiles/cmTC_12010.dir/CMakeCCompilerABI.c.o -lSystem /opt/homebrew/Cellar/llvm/15.0.7_1/lib/clang/15.0.7/lib/darwin/libclang_rt.osx.a;@(#)PROGRAM:ld  PROJECT:ld64-820.1;BUILD 20:07:05 Nov  7 2022;configured to support archs: armv6 armv7 armv7s arm64 arm64e arm64_32 i386 x86_64 x86_64h armv6m armv7k armv7m armv7em;Library search paths:;	/Library/Developer/CommandLineTools/SDKs/MacOSX13.sdk/usr/lib;Framework search paths:;	/Library/Developer/CommandLineTools/SDKs/MacOSX13.sdk/System/Library/Frameworks/;;]
  Library search paths: [;/Library/Developer/CommandLineTools/SDKs/MacOSX13.sdk/usr/lib]
  Framework search paths: [;/Library/Developer/CommandLineTools/SDKs/MacOSX13.sdk/System/Library/Frameworks/]
  collapse library dir [/Library/Developer/CommandLineTools/SDKs/MacOSX13.sdk/usr/lib] ==> [/Library/Developer/CommandLineTools/SDKs/MacOSX13.sdk/usr/lib]
  collapse framework dir [/Library/Developer/CommandLineTools/SDKs/MacOSX13.sdk/System/Library/Frameworks/] ==> [/Library/Developer/CommandLineTools/SDKs/MacOSX13.sdk/System/Library/Frameworks]
  implicit libs: []
  implicit objs: []
  implicit dirs: [/Library/Developer/CommandLineTools/SDKs/MacOSX13.sdk/usr/lib]
  implicit fwks: [/Library/Developer/CommandLineTools/SDKs/MacOSX13.sdk/System/Library/Frameworks]


Detecting CXX compiler ABI info compiled with the following output:
Change Dir: /Users/issashu/Library/Mobile Documents/com~apple~CloudDocs/Coding/Lessons/Chaos Group/Homework2/cmake-build-debug/CMakeFiles/CMakeTmp

Run Build Command(s):/usr/bin/make -f Makefile cmTC_68e0f/fast && /Library/Developer/CommandLineTools/usr/bin/make  -f CMakeFiles/cmTC_68e0f.dir/build.make CMakeFiles/cmTC_68e0f.dir/build
Building CXX object CMakeFiles/cmTC_68e0f.dir/CMakeCXXCompilerABI.cpp.o
/opt/homebrew/opt/llvm/bin/clang++   -arch arm64 -isysroot /Library/Developer/CommandLineTools/SDKs/MacOSX13.1.sdk -fcolor-diagnostics   -v -Wl,-v -MD -MT CMakeFiles/cmTC_68e0f.dir/CMakeCXXCompilerABI.cpp.o -MF CMakeFiles/cmTC_68e0f.dir/CMakeCXXCompilerABI.cpp.o.d -o CMakeFiles/cmTC_68e0f.dir/CMakeCXXCompilerABI.cpp.o -c "/Users/issashu/Library/Application Support/JetBrains/Toolbox/apps/CLion/ch-0/223.8836.42/CLion.app/Contents/bin/cmake/mac/share/cmake-3.24/Modules/CMakeCXXCompilerABI.cpp"
Homebrew clang version 15.0.7
Target: arm64-apple-darwin22.3.0
Thread model: posix
InstalledDir: /opt/homebrew/opt/llvm/bin
clang-15: [0;1;35mwarning: [0m[1m-Wl,-v: 'linker' input unused [-Wunused-command-line-argument][0m
 (in-process)
 "/opt/homebrew/Cellar/llvm/15.0.7_1/bin/clang-15" -cc1 -triple arm64-apple-macosx13.0.0 -Wundef-prefix=TARGET_OS_ -Werror=undef-prefix -Wdeprecated-objc-isa-usage -Werror=deprecated-objc-isa-usage -emit-obj -mrelax-all --mrelax-relocations -disable-free -clear-ast-before-backend -disable-llvm-verifier -discard-value-names -main-file-name CMakeCXXCompilerABI.cpp -mrelocation-model pic -pic-level 2 -mframe-pointer=non-leaf -ffp-contract=on -fno-rounding-math -funwind-tables=2 -target-sdk-version=13.1 -fcompatibility-qualified-id-block-type-checking -fvisibility-inlines-hidden-static-local-var -target-cpu apple-m1 -target-feature +v8.5a -target-feature +crc -target-feature +lse -target-feature +rdm -target-feature +crypto -target-feature +dotprod -target-feature +fp-armv8 -target-feature +neon -target-feature +fp16fml -target-feature +ras -target-feature +rcpc -target-feature +zcm -target-feature +zcz -target-feature +fullfp16 -target-feature +sm4 -target-feature +sha3 -target-feature +sha2 -target-feature +aes -target-abi darwinpcs -fallow-half-arguments-and-returns -mllvm -treat-scalable-fixed-error-as-warning -debugger-tuning=lldb -target-linker-version 820.1 -v "-fcoverage-compilation-dir=/Users/issashu/Library/Mobile Documents/com~apple~CloudDocs/Coding/Lessons/Chaos Group/Homework2/cmake-build-debug/CMakeFiles/CMakeTmp" -resource-dir /opt/homebrew/Cellar/llvm/15.0.7_1/lib/clang/15.0.7 -dependency-file CMakeFiles/cmTC_68e0f.dir/CMakeCXXCompilerABI.cpp.o.d -MT CMakeFiles/cmTC_68e0f.dir/CMakeCXXCompilerABI.cpp.o -sys-header-deps -isysroot /Library/Developer/CommandLineTools/SDKs/MacOSX13.1.sdk -stdlib=libc++ -internal-isystem /opt/homebrew/opt/llvm/bin/../include/c++/v1 -internal-isystem /Library/Developer/CommandLineTools/SDKs/MacOSX13.1.sdk/usr/local/include -internal-isystem /opt/homebrew/Cellar/llvm/15.0.7_1/lib/clang/15.0.7/include -internal-externc-isystem /Library/Developer/CommandLineTools/SDKs/MacOSX13.1.sdk/usr/include -fdeprecated-macro "-fdebug-compilation-dir=/Users/issashu/Library/Mobile Documents/com~apple~CloudDocs/Coding/Lessons/Chaos Group/Homework2/cmake-build-debug/CMakeFiles/CMakeTmp" -ferror-limit 19 -stack-protector 1 -fblocks -fencode-extended-block-signature -fregister-global-dtors-with-atexit -fgnuc-version=4.2.1 -fcxx-exceptions -fexceptions -fmax-type-align=16 -fcolor-diagnostics -D__GCC_HAVE_DWARF2_CFI_ASM=1 -o CMakeFiles/cmTC_68e0f.dir/CMakeCXXCompilerABI.cpp.o -x c++ "/Users/issashu/Library/Application Support/JetBrains/Toolbox/apps/CLion/ch-0/223.8836.42/CLion.app/Contents/bin/cmake/mac/share/cmake-3.24/Modules/CMakeCXXCompilerABI.cpp"
clang -cc1 version 15.0.7 based upon LLVM 15.0.7 default target arm64-apple-darwin22.3.0
ignoring nonexistent directory "/Library/Developer/CommandLineTools/SDKs/MacOSX13.1.sdk/usr/local/include"
ignoring nonexistent directory "/Library/Developer/CommandLineTools/SDKs/MacOSX13.1.sdk/Library/Frameworks"
#include "..." search starts here:
#include <...> search starts here:
 /opt/homebrew/opt/llvm/bin/../include/c++/v1
 /opt/homebrew/Cellar/llvm/15.0.7_1/lib/clang/15.0.7/include
 /Library/Developer/CommandLineTools/SDKs/MacOSX13.1.sdk/usr/include
 /Library/Developer/CommandLineTools/SDKs/MacOSX13.1.sdk/System/Library/Frameworks (framework directory)
End of search list.
Linking CXX executable cmTC_68e0f
"/Users/issashu/Library/Application Support/JetBrains/Toolbox/apps/CLion/ch-0/223.8836.42/CLion.app/Contents/bin/cmake/mac/bin/cmake" -E cmake_link_script CMakeFiles/cmTC_68e0f.dir/link.txt --verbose=1
/opt/homebrew/opt/llvm/bin/clang++  -arch arm64 -isysroot /Library/Developer/CommandLineTools/SDKs/MacOSX13.1.sdk -Wl,-search_paths_first -Wl,-headerpad_max_install_names  -v -Wl,-v CMakeFiles/cmTC_68e0f.dir/CMakeCXXCompilerABI.cpp.o -o cmTC_68e0f 
Homebrew clang version 15.0.7
Target: arm64-apple-darwin22.3.0
Thread model: posix
InstalledDir: /opt/homebrew/opt/llvm/bin
 "/usr/bin/ld" -demangle -lto_library /opt/homebrew/Cellar/llvm/15.0.7_1/lib/libLTO.dylib -dynamic -arch arm64 -platform_version macos 13.0.0 13.1 -syslibroot /Library/Developer/CommandLineTools/SDKs/MacOSX13.sdk -o cmTC_68e0f -search_paths_first -headerpad_max_install_names -v CMakeFiles/cmTC_68e0f.dir/CMakeCXXCompilerABI.cpp.o -lc++ -lSystem /opt/homebrew/Cellar/llvm/15.0.7_1/lib/clang/15.0.7/lib/darwin/libclang_rt.osx.a
@(#)PROGRAM:ld  PROJECT:ld64-820.1
BUILD 20:07:05 Nov  7 2022
configured to support archs: armv6 armv7 armv7s arm64 arm64e arm64_32 i386 x86_64 x86_64h armv6m armv7k armv7m armv7em
Library search paths:
	/Library/Developer/CommandLineTools/SDKs/MacOSX13.sdk/usr/lib
Framework search paths:
	/Library/Developer/CommandLineTools/SDKs/MacOSX13.sdk/System/Library/Frameworks/



Parsed CXX implicit include dir info from above output: rv=loading
  found start of include info
  warn: unable to parse implicit include dirs!


Parsed CXX implicit link information from above output:
  link line regex: [^( *|.*[/\])(ld\.lld|CMAKE_LINK_STARTFILE-NOTFOUND|([^/\]+-)?ld|collect2)[^/\]*( |$)]
  ignore line: [Change Dir: /Users/issashu/Library/Mobile Documents/com~apple~CloudDocs/Coding/Lessons/Chaos Group/Homework2/cmake-build-debug/CMakeFiles/CMakeTmp]
  ignore line: []
  ignore line: [Run Build Command(s):/usr/bin/make -f Makefile cmTC_68e0f/fast && /Library/Developer/CommandLineTools/usr/bin/make  -f CMakeFiles/cmTC_68e0f.dir/build.make CMakeFiles/cmTC_68e0f.dir/build]
  ignore line: [Building CXX object CMakeFiles/cmTC_68e0f.dir/CMakeCXXCompilerABI.cpp.o]
  ignore line: [/opt/homebrew/opt/llvm/bin/clang++   -arch arm64 -isysroot /Library/Developer/CommandLineTools/SDKs/MacOSX13.1.sdk -fcolor-diagnostics   -v -Wl -v -MD -MT CMakeFiles/cmTC_68e0f.dir/CMakeCXXCompilerABI.cpp.o -MF CMakeFiles/cmTC_68e0f.dir/CMakeCXXCompilerABI.cpp.o.d -o CMakeFiles/cmTC_68e0f.dir/CMakeCXXCompilerABI.cpp.o -c "/Users/issashu/Library/Application Support/JetBrains/Toolbox/apps/CLion/ch-0/223.8836.42/CLion.app/Contents/bin/cmake/mac/share/cmake-3.24/Modules/CMakeCXXCompilerABI.cpp"]
  ignore line: [Homebrew clang version 15.0.7]
  ignore line: [Target: arm64-apple-darwin22.3.0]
  ignore line: [Thread model: posix]
  ignore line: [InstalledDir: /opt/homebrew/opt/llvm/bin]
  ignore line: [clang-15: [0;1;35mwarning: [0m[1m-Wl,-v: 'linker' input unused [-Wunused-command-line-argument][0m; (in-process); "/opt/homebrew/Cellar/llvm/15.0.7_1/bin/clang-15" -cc1 -triple arm64-apple-macosx13.0.0 -Wundef-prefix=TARGET_OS_ -Werror=undef-prefix -Wdeprecated-objc-isa-usage -Werror=deprecated-objc-isa-usage -emit-obj -mrelax-all --mrelax-relocations -disable-free -clear-ast-before-backend -disable-llvm-verifier -discard-value-names -main-file-name CMakeCXXCompilerABI.cpp -mrelocation-model pic -pic-level 2 -mframe-pointer=non-leaf -ffp-contract=on -fno-rounding-math -funwind-tables=2 -target-sdk-version=13.1 -fcompatibility-qualified-id-block-type-checking -fvisibility-inlines-hidden-static-local-var -target-cpu apple-m1 -target-feature +v8.5a -target-feature +crc -target-feature +lse -target-feature +rdm -target-feature +crypto -target-feature +dotprod -target-feature +fp-armv8 -target-feature +neon -target-feature +fp16fml -target-feature +ras -target-feature +rcpc -target-feature +zcm -target-feature +zcz -target-feature +fullfp16 -target-feature +sm4 -target-feature +sha3 -target-feature +sha2 -target-feature +aes -target-abi darwinpcs -fallow-half-arguments-and-returns -mllvm -treat-scalable-fixed-error-as-warning -debugger-tuning=lldb -target-linker-version 820.1 -v "-fcoverage-compilation-dir=/Users/issashu/Library/Mobile Documents/com~apple~CloudDocs/Coding/Lessons/Chaos Group/Homework2/cmake-build-debug/CMakeFiles/CMakeTmp" -resource-dir /opt/homebrew/Cellar/llvm/15.0.7_1/lib/clang/15.0.7 -dependency-file CMakeFiles/cmTC_68e0f.dir/CMakeCXXCompilerABI.cpp.o.d -MT CMakeFiles/cmTC_68e0f.dir/CMakeCXXCompilerABI.cpp.o -sys-header-deps -isysroot /Library/Developer/CommandLineTools/SDKs/MacOSX13.1.sdk -stdlib=libc++ -internal-isystem /opt/homebrew/opt/llvm/bin/../include/c++/v1 -internal-isystem /Library/Developer/CommandLineTools/SDKs/MacOSX13.1.sdk/usr/local/include -internal-isystem /opt/homebrew/Cellar/llvm/15.0.7_1/lib/clang/15.0.7/include -internal-externc-isystem /Library/Developer/CommandLineTools/SDKs/MacOSX13.1.sdk/usr/include -fdeprecated-macro "-fdebug-compilation-dir=/Users/issashu/Library/Mobile Documents/com~apple~CloudDocs/Coding/Lessons/Chaos Group/Homework2/cmake-build-debug/CMakeFiles/CMakeTmp" -ferror-limit 19 -stack-protector 1 -fblocks -fencode-extended-block-signature -fregister-global-dtors-with-atexit -fgnuc-version=4.2.1 -fcxx-exceptions -fexceptions -fmax-type-align=16 -fcolor-diagnostics -D__GCC_HAVE_DWARF2_CFI_ASM=1 -o CMakeFiles/cmTC_68e0f.dir/CMakeCXXCompilerABI.cpp.o -x c++ "/Users/issashu/Library/Application Support/JetBrains/Toolbox/apps/CLion/ch-0/223.8836.42/CLion.app/Contents/bin/cmake/mac/share/cmake-3.24/Modules/CMakeCXXCompilerABI.cpp";clang -cc1 version 15.0.7 based upon LLVM 15.0.7 default target arm64-apple-darwin22.3.0;ignoring nonexistent directory "/Library/Developer/CommandLineTools/SDKs/MacOSX13.1.sdk/usr/local/include";ignoring nonexistent directory "/Library/Developer/CommandLineTools/SDKs/MacOSX13.1.sdk/Library/Frameworks";#include "..." search starts here:;#include <...> search starts here:; /opt/homebrew/opt/llvm/bin/../include/c++/v1; /opt/homebrew/Cellar/llvm/15.0.7_1/lib/clang/15.0.7/include; /Library/Developer/CommandLineTools/SDKs/MacOSX13.1.sdk/usr/include; /Library/Developer/CommandLineTools/SDKs/MacOSX13.1.sdk/System/Library/Frameworks (framework directory);End of search list.;Linking CXX executable cmTC_68e0f;"/Users/issashu/Library/Application Support/JetBrains/Toolbox/apps/CLion/ch-0/223.8836.42/CLion.app/Contents/bin/cmake/mac/bin/cmake" -E cmake_link_script CMakeFiles/cmTC_68e0f.dir/link.txt --verbose=1;/opt/homebrew/opt/llvm/bin/clang++  -arch arm64 -isysroot /Library/Developer/CommandLineTools/SDKs/MacOSX13.1.sdk -Wl,-search_paths_first -Wl,-headerpad_max_install_names  -v -Wl,-v CMakeFiles/cmTC_68e0f.dir/CMakeCXXCompilerABI.cpp.o -o cmTC_68e0f ;Homebrew clang version 15.0.7;Target: arm64-apple-darwin22.3.0;Thread model: posix;InstalledDir: /opt/homebrew/opt/llvm/bin; "/usr/bin/ld" -demangle -lto_library /opt/homebrew/Cellar/llvm/15.0.7_1/lib/libLTO.dylib -dynamic -arch arm64 -platform_version macos 13.0.0 13.1 -syslibroot /Library/Developer/CommandLineTools/SDKs/MacOSX13.sdk -o cmTC_68e0f -search_paths_first -headerpad_max_install_names -v CMakeFiles/cmTC_68e0f.dir/CMakeCXXCompilerABI.cpp.o -lc++ -lSystem /opt/homebrew/Cellar/llvm/15.0.7_1/lib/clang/15.0.7/lib/darwin/libclang_rt.osx.a;@(#)PROGRAM:ld  PROJECT:ld64-820.1;BUILD 20:07:05 Nov  7 2022;configured to support archs: armv6 armv7 armv7s arm64 arm64e arm64_32 i386 x86_64 x86_64h armv6m armv7k armv7m armv7em;Library search paths:;	/Library/Developer/CommandLineTools/SDKs/MacOSX13.sdk/usr/lib;Framework search paths:;	/Library/Developer/CommandLineTools/SDKs/MacOSX13.sdk/System/Library/Frameworks/;;]
  Library search paths: [;/Library/Developer/CommandLineTools/SDKs/MacOSX13.sdk/usr/lib]
  Framework search paths: [;/Library/Developer/CommandLineTools/SDKs/MacOSX13.sdk/System/Library/Frameworks/]
  collapse library dir [/Library/Developer/CommandLineTools/SDKs/MacOSX13.sdk/usr/lib] ==> [/Library/Developer/CommandLineTools/SDKs/MacOSX13.sdk/usr/lib]
  collapse framework dir [/Library/Developer/CommandLineTools/SDKs/MacOSX13.sdk/System/Library/Frameworks/] ==> [/Library/Developer/CommandLineTools/SDKs/MacOSX13.sdk/System/Library/Frameworks]
  implicit libs: []
  implicit objs: []
  implicit dirs: [/Library/Developer/CommandLineTools/SDKs/MacOSX13.sdk/usr/lib]
  implicit fwks: [/Library/Developer/CommandLineTools/SDKs/MacOSX13.sdk/System/Library/Frameworks]


